NWD(29,97) = 	1
NWD(4,23) = 	1
NWD(37,2) = 	1
NWD(53,47) = 	1
NWD(1,73) = 	1
NWD(40,9) = 	1
NWD(70,53) = 	1
NWD(57,68) = 	1
NWD(98,47) = 	1
NWD(73,10) = 	1
NWD(97,17) = 	1
NWD(27,64) = 	1
NWD(49,4) = 	1
NWD(20,71) = 	1
NWD(40,17) = 	1
NWD(16,29) = 	1
NWD(85,7) = 	1
NWD(66,49) = 	1
NWD(1,2) = 	1
NWD(60,59) = 	1
NWD(73,59) = 	1
NWD(61,74) = 	1
NWD(31,2) = 	1
NWD(89,47) = 	1
NWD(13,19) = 	1
NWD(58,27) = 	1
NWD(79,60) = 	1
NWD(81,19) = 	1
NWD(16,69) = 	1
NWD(100,79) = 	1
NWD(51,56) = 	1
NWD(45,89) = 	1
NWD(34,79) = 	1
NWD(48,98) = 	2
NWD(8,30) = 	2
NWD(20,78) = 	2
NWD(8,70) = 	2
NWD(54,76) = 	2
NWD(62,90) = 	2
NWD(50,22) = 	2
NWD(68,14) = 	2
NWD(50,16) = 	2
NWD(82,20) = 	2
NWD(2,36) = 	2
NWD(63,12) = 	3
NWD(45,84) = 	3
NWD(33,36) = 	3
NWD(36,21) = 	3
NWD(48,99) = 	3
NWD(30,93) = 	3
NWD(87,54) = 	3
NWD(15,36) = 	3
NWD(16,92) = 	4
NWD(4,72) = 	4
NWD(65,45) = 	5
NWD(35,50) = 	5
NWD(55,100) = 	5
NWD(72,66) = 	6
NWD(66,54) = 	6
NWD(30,54) = 	6
NWD(42,35) = 	7
NWD(88,32) = 	8
NWD(11,22) = 	11
NWD(22,11) = 	11
NWD(12,48) = 	12
NWD(42,56) = 	14
